10/30 05:53:42 PM | 
10/30 05:53:42 PM | Parameters:
10/30 05:53:42 PM | ARCH=densenet_40
10/30 05:53:42 PM | COMPRESS_RATE=[0.0]+[0.1]*6+[0.7]*6+[0.0]+[0.1]*6+[0.7]*6+[0.0]+[0.1]*6+[0.7]*5+[0.0]
10/30 05:53:42 PM | DATA_DIR=./data
10/30 05:53:42 PM | DATASET=cifar10
10/30 05:53:42 PM | EPOCHS=15
10/30 05:53:42 PM | EVAL_BATCH_SIZE=100
10/30 05:53:42 PM | GPU=0
10/30 05:53:42 PM | JOB_DIR=./result/densenet_40/
10/30 05:53:42 PM | LR=0.01
10/30 05:53:42 PM | LR_DECAY_STEP=5,10
10/30 05:53:42 PM | RESUME=./result/densenet_40/pruned_checkpoint/densenet_40_cov7.pt
10/30 05:53:42 PM | RESUME_MASK=None
10/30 05:53:42 PM | START_COV=0
10/30 05:53:42 PM | TRAIN_BATCH_SIZE=128
10/30 05:53:42 PM | 
10/30 05:53:42 PM | ==> Preparing data..
10/30 05:53:47 PM | ==> Building model..
10/30 05:53:57 PM | compress rate: [0.0, 0.1, 0.1, 0.1, 0.1, 0.1, 0.1, 0.7, 0.7, 0.7, 0.7, 0.7, 0.7, 0.0, 0.1, 0.1, 0.1, 0.1, 0.1, 0.1, 0.7, 0.7, 0.7, 0.7, 0.7, 0.7, 0.0, 0.1, 0.1, 0.1, 0.1, 0.1, 0.1, 0.7, 0.7, 0.7, 0.7, 0.7, 0.0]
10/30 05:53:57 PM | cov-id: 0 ====> Resuming from pruned_checkpoint...
10/30 05:53:57 PM | 
Epoch: 0
10/30 05:55:35 PM | Epoch[0](99/100): Prec@1(1,5) 89.54, 99.60
10/30 05:55:35 PM | Saving to densenet_40_cov1.pt
10/30 05:55:35 PM | =>Best accuracy 89.540
10/30 05:55:35 PM | 
Epoch: 1
10/30 05:57:09 PM | Epoch[1](99/100): Prec@1(1,5) 88.58, 99.54
10/30 05:57:09 PM | =>Best accuracy 89.540
10/30 05:57:09 PM | 
Epoch: 2
10/30 05:58:43 PM | Epoch[2](99/100): Prec@1(1,5) 88.13, 99.60
10/30 05:58:43 PM | =>Best accuracy 89.540
10/30 05:58:43 PM | 
Epoch: 3
10/30 06:00:16 PM | Epoch[3](99/100): Prec@1(1,5) 90.44, 99.69
10/30 06:00:16 PM | Saving to densenet_40_cov1.pt
10/30 06:00:16 PM | =>Best accuracy 90.440
10/30 06:00:16 PM | 
Epoch: 4
10/30 06:01:50 PM | Epoch[4](99/100): Prec@1(1,5) 89.09, 99.68
10/30 06:01:50 PM | =>Best accuracy 90.440
10/30 06:01:50 PM | 
Epoch: 5
10/30 06:03:25 PM | Epoch[5](99/100): Prec@1(1,5) 92.84, 99.77
10/30 06:03:25 PM | Saving to densenet_40_cov1.pt
10/30 06:03:25 PM | =>Best accuracy 92.840
10/30 06:03:25 PM | 
Epoch: 6
10/30 06:04:59 PM | Epoch[6](99/100): Prec@1(1,5) 92.94, 99.74
10/30 06:04:59 PM | Saving to densenet_40_cov1.pt
10/30 06:04:59 PM | =>Best accuracy 92.940
10/30 06:04:59 PM | 
Epoch: 7
10/30 06:06:33 PM | Epoch[7](99/100): Prec@1(1,5) 93.00, 99.74
10/30 06:06:33 PM | Saving to densenet_40_cov1.pt
10/30 06:06:33 PM | =>Best accuracy 93.000
10/30 06:06:33 PM | 
Epoch: 8
10/30 06:08:07 PM | Epoch[8](99/100): Prec@1(1,5) 93.20, 99.77
10/30 06:08:07 PM | Saving to densenet_40_cov1.pt
10/30 06:08:07 PM | =>Best accuracy 93.200
10/30 06:08:07 PM | 
Epoch: 9
10/30 06:09:41 PM | Epoch[9](99/100): Prec@1(1,5) 93.12, 99.75
10/30 06:09:41 PM | =>Best accuracy 93.200
10/30 06:09:41 PM | 
Epoch: 10
10/30 06:11:15 PM | Epoch[10](99/100): Prec@1(1,5) 93.25, 99.82
10/30 06:11:15 PM | Saving to densenet_40_cov1.pt
10/30 06:11:15 PM | =>Best accuracy 93.250
10/30 06:11:15 PM | 
Epoch: 11
10/30 06:12:49 PM | Epoch[11](99/100): Prec@1(1,5) 93.15, 99.76
10/30 06:12:49 PM | =>Best accuracy 93.250
10/30 06:12:49 PM | 
Epoch: 12
10/30 06:14:23 PM | Epoch[12](99/100): Prec@1(1,5) 93.10, 99.73
10/30 06:14:23 PM | =>Best accuracy 93.250
10/30 06:14:23 PM | 
Epoch: 13
10/30 06:15:57 PM | Epoch[13](99/100): Prec@1(1,5) 93.16, 99.75
10/30 06:15:57 PM | =>Best accuracy 93.250
10/30 06:15:57 PM | 
Epoch: 14
10/30 06:17:30 PM | Epoch[14](99/100): Prec@1(1,5) 93.24, 99.74
10/30 06:17:30 PM | =>Best accuracy 93.250
10/30 06:17:30 PM | cov-id: 1 ====> Resuming from pruned_checkpoint...
10/30 06:17:30 PM | 
Epoch: 0
10/30 06:19:04 PM | Epoch[0](99/100): Prec@1(1,5) 88.28, 99.53
10/30 06:19:04 PM | Saving to densenet_40_cov2.pt
10/30 06:19:04 PM | =>Best accuracy 88.280
10/30 06:19:04 PM | 
Epoch: 1
10/30 06:20:38 PM | Epoch[1](99/100): Prec@1(1,5) 89.71, 99.62
10/30 06:20:38 PM | Saving to densenet_40_cov2.pt
10/30 06:20:38 PM | =>Best accuracy 89.710
10/30 06:20:38 PM | 
Epoch: 2
10/30 06:22:12 PM | Epoch[2](99/100): Prec@1(1,5) 85.80, 99.49
10/30 06:22:12 PM | =>Best accuracy 89.710
10/30 06:22:12 PM | 
Epoch: 3
10/30 06:23:46 PM | Epoch[3](99/100): Prec@1(1,5) 89.67, 99.59
10/30 06:23:46 PM | =>Best accuracy 89.710
10/30 06:23:46 PM | 
Epoch: 4
10/30 06:25:20 PM | Epoch[4](99/100): Prec@1(1,5) 88.06, 99.60
10/30 06:25:20 PM | =>Best accuracy 89.710
10/30 06:25:20 PM | 
Epoch: 5
10/30 06:26:54 PM | Epoch[5](99/100): Prec@1(1,5) 92.74, 99.80
10/30 06:26:54 PM | Saving to densenet_40_cov2.pt
10/30 06:26:54 PM | =>Best accuracy 92.740
10/30 06:26:54 PM | 
Epoch: 6
10/30 06:28:28 PM | Epoch[6](99/100): Prec@1(1,5) 92.90, 99.79
10/30 06:28:28 PM | Saving to densenet_40_cov2.pt
10/30 06:28:28 PM | =>Best accuracy 92.900
10/30 06:28:28 PM | 
Epoch: 7
10/30 06:30:02 PM | Epoch[7](99/100): Prec@1(1,5) 93.08, 99.82
10/30 06:30:02 PM | Saving to densenet_40_cov2.pt
10/30 06:30:02 PM | =>Best accuracy 93.080
10/30 06:30:02 PM | 
Epoch: 8
10/30 06:31:36 PM | Epoch[8](99/100): Prec@1(1,5) 93.18, 99.76
10/30 06:31:36 PM | Saving to densenet_40_cov2.pt
10/30 06:31:36 PM | =>Best accuracy 93.180
10/30 06:31:36 PM | 
Epoch: 9
10/30 06:33:10 PM | Epoch[9](99/100): Prec@1(1,5) 93.21, 99.77
10/30 06:33:10 PM | Saving to densenet_40_cov2.pt
10/30 06:33:10 PM | =>Best accuracy 93.210
10/30 06:33:10 PM | 
Epoch: 10
10/30 06:34:45 PM | Epoch[10](99/100): Prec@1(1,5) 93.15, 99.80
10/30 06:34:45 PM | =>Best accuracy 93.210
10/30 06:34:45 PM | 
Epoch: 11
10/30 06:36:19 PM | Epoch[11](99/100): Prec@1(1,5) 93.17, 99.79
10/30 06:36:19 PM | =>Best accuracy 93.210
10/30 06:36:19 PM | 
Epoch: 12
10/30 06:37:53 PM | Epoch[12](99/100): Prec@1(1,5) 93.27, 99.79
10/30 06:37:53 PM | Saving to densenet_40_cov2.pt
10/30 06:37:53 PM | =>Best accuracy 93.270
10/30 06:37:53 PM | 
Epoch: 13
10/30 06:39:27 PM | Epoch[13](99/100): Prec@1(1,5) 93.26, 99.82
10/30 06:39:27 PM | =>Best accuracy 93.270
10/30 06:39:27 PM | 
Epoch: 14
10/30 06:41:01 PM | Epoch[14](99/100): Prec@1(1,5) 93.30, 99.81
10/30 06:41:01 PM | Saving to densenet_40_cov2.pt
10/30 06:41:01 PM | =>Best accuracy 93.300
10/30 06:41:01 PM | cov-id: 2 ====> Resuming from pruned_checkpoint...
10/30 06:41:01 PM | 
Epoch: 0
10/30 06:42:35 PM | Epoch[0](99/100): Prec@1(1,5) 87.99, 99.63
10/30 06:42:35 PM | Saving to densenet_40_cov3.pt
10/30 06:42:35 PM | =>Best accuracy 87.990
10/30 06:42:35 PM | 
Epoch: 1
10/30 06:44:09 PM | Epoch[1](99/100): Prec@1(1,5) 88.04, 99.57
10/30 06:44:09 PM | Saving to densenet_40_cov3.pt
10/30 06:44:09 PM | =>Best accuracy 88.040
10/30 06:44:09 PM | 
Epoch: 2
10/30 06:45:43 PM | Epoch[2](99/100): Prec@1(1,5) 88.48, 99.61
10/30 06:45:43 PM | Saving to densenet_40_cov3.pt
10/30 06:45:43 PM | =>Best accuracy 88.480
10/30 06:45:43 PM | 
Epoch: 3
10/30 06:47:17 PM | Epoch[3](99/100): Prec@1(1,5) 89.75, 99.64
10/30 06:47:17 PM | Saving to densenet_40_cov3.pt
10/30 06:47:17 PM | =>Best accuracy 89.750
10/30 06:47:17 PM | 
Epoch: 4
10/30 06:48:51 PM | Epoch[4](99/100): Prec@1(1,5) 89.30, 99.57
10/30 06:48:51 PM | =>Best accuracy 89.750
10/30 06:48:51 PM | 
Epoch: 5
10/30 06:50:25 PM | Epoch[5](99/100): Prec@1(1,5) 92.67, 99.81
10/30 06:50:25 PM | Saving to densenet_40_cov3.pt
10/30 06:50:25 PM | =>Best accuracy 92.670
10/30 06:50:25 PM | 
Epoch: 6
10/30 06:51:59 PM | Epoch[6](99/100): Prec@1(1,5) 92.78, 99.75
10/30 06:51:59 PM | Saving to densenet_40_cov3.pt
10/30 06:51:59 PM | =>Best accuracy 92.780
10/30 06:51:59 PM | 
Epoch: 7
10/30 06:53:33 PM | Epoch[7](99/100): Prec@1(1,5) 92.95, 99.78
10/30 06:53:33 PM | Saving to densenet_40_cov3.pt
10/30 06:53:33 PM | =>Best accuracy 92.950
10/30 06:53:33 PM | 
Epoch: 8
10/30 06:55:07 PM | Epoch[8](99/100): Prec@1(1,5) 93.16, 99.72
10/30 06:55:07 PM | Saving to densenet_40_cov3.pt
10/30 06:55:07 PM | =>Best accuracy 93.160
10/30 06:55:07 PM | 
Epoch: 9
10/30 06:56:40 PM | Epoch[9](99/100): Prec@1(1,5) 93.17, 99.75
10/30 06:56:41 PM | Saving to densenet_40_cov3.pt
10/30 06:56:41 PM | =>Best accuracy 93.170
10/30 06:56:41 PM | 
Epoch: 10
10/30 06:58:15 PM | Epoch[10](99/100): Prec@1(1,5) 93.19, 99.74
10/30 06:58:15 PM | Saving to densenet_40_cov3.pt
10/30 06:58:15 PM | =>Best accuracy 93.190
10/30 06:58:15 PM | 
Epoch: 11
10/30 06:59:49 PM | Epoch[11](99/100): Prec@1(1,5) 93.26, 99.77
10/30 06:59:49 PM | Saving to densenet_40_cov3.pt
10/30 06:59:49 PM | =>Best accuracy 93.260
10/30 06:59:49 PM | 
Epoch: 12
10/30 07:01:23 PM | Epoch[12](99/100): Prec@1(1,5) 93.16, 99.77
10/30 07:01:23 PM | =>Best accuracy 93.260
10/30 07:01:23 PM | 
Epoch: 13
10/30 07:02:57 PM | Epoch[13](99/100): Prec@1(1,5) 93.17, 99.77
10/30 07:02:57 PM | =>Best accuracy 93.260
10/30 07:02:57 PM | 
Epoch: 14
10/30 07:04:31 PM | Epoch[14](99/100): Prec@1(1,5) 93.18, 99.78
10/30 07:04:31 PM | =>Best accuracy 93.260
10/30 07:04:31 PM | cov-id: 3 ====> Resuming from pruned_checkpoint...
10/30 07:04:31 PM | 
Epoch: 0
10/30 07:06:05 PM | Epoch[0](99/100): Prec@1(1,5) 89.07, 99.53
10/30 07:06:05 PM | Saving to densenet_40_cov4.pt
10/30 07:06:05 PM | =>Best accuracy 89.070
10/30 07:06:05 PM | 
Epoch: 1
10/30 07:07:39 PM | Epoch[1](99/100): Prec@1(1,5) 87.53, 99.43
10/30 07:07:39 PM | =>Best accuracy 89.070
10/30 07:07:39 PM | 
Epoch: 2
10/30 07:09:13 PM | Epoch[2](99/100): Prec@1(1,5) 86.58, 99.48
10/30 07:09:13 PM | =>Best accuracy 89.070
10/30 07:09:13 PM | 
Epoch: 3
10/30 07:10:47 PM | Epoch[3](99/100): Prec@1(1,5) 90.29, 99.60
10/30 07:10:47 PM | Saving to densenet_40_cov4.pt
10/30 07:10:47 PM | =>Best accuracy 90.290
10/30 07:10:47 PM | 
Epoch: 4
10/30 07:12:21 PM | Epoch[4](99/100): Prec@1(1,5) 87.73, 99.42
10/30 07:12:21 PM | =>Best accuracy 90.290
10/30 07:12:21 PM | 
Epoch: 5
10/30 07:13:55 PM | Epoch[5](99/100): Prec@1(1,5) 92.99, 99.75
10/30 07:13:55 PM | Saving to densenet_40_cov4.pt
10/30 07:13:55 PM | =>Best accuracy 92.990
10/30 07:13:55 PM | 
Epoch: 6
10/30 07:15:29 PM | Epoch[6](99/100): Prec@1(1,5) 93.18, 99.80
10/30 07:15:29 PM | Saving to densenet_40_cov4.pt
10/30 07:15:29 PM | =>Best accuracy 93.180
10/30 07:15:29 PM | 
Epoch: 7
10/30 07:17:03 PM | Epoch[7](99/100): Prec@1(1,5) 93.36, 99.78
10/30 07:17:03 PM | Saving to densenet_40_cov4.pt
10/30 07:17:03 PM | =>Best accuracy 93.360
10/30 07:17:03 PM | 
Epoch: 8
10/30 07:18:37 PM | Epoch[8](99/100): Prec@1(1,5) 93.29, 99.73
10/30 07:18:37 PM | =>Best accuracy 93.360
10/30 07:18:37 PM | 
Epoch: 9
10/30 07:20:11 PM | Epoch[9](99/100): Prec@1(1,5) 93.29, 99.78
10/30 07:20:11 PM | =>Best accuracy 93.360
10/30 07:20:11 PM | 
Epoch: 10
10/30 07:21:45 PM | Epoch[10](99/100): Prec@1(1,5) 93.28, 99.77
10/30 07:21:45 PM | =>Best accuracy 93.360
10/30 07:21:45 PM | 
Epoch: 11
10/30 07:23:19 PM | Epoch[11](99/100): Prec@1(1,5) 93.28, 99.81
10/30 07:23:19 PM | =>Best accuracy 93.360
10/30 07:23:19 PM | 
Epoch: 12
10/30 07:24:53 PM | Epoch[12](99/100): Prec@1(1,5) 93.37, 99.77
10/30 07:24:53 PM | Saving to densenet_40_cov4.pt
10/30 07:24:53 PM | =>Best accuracy 93.370
10/30 07:24:53 PM | 
Epoch: 13
10/30 07:26:27 PM | Epoch[13](99/100): Prec@1(1,5) 93.27, 99.78
10/30 07:26:27 PM | =>Best accuracy 93.370
10/30 07:26:27 PM | 
Epoch: 14
10/30 07:28:01 PM | Epoch[14](99/100): Prec@1(1,5) 93.40, 99.77
10/30 07:28:01 PM | Saving to densenet_40_cov4.pt
10/30 07:28:01 PM | =>Best accuracy 93.400
10/30 07:28:01 PM | cov-id: 4 ====> Resuming from pruned_checkpoint...
10/30 07:28:02 PM | 
Epoch: 0
10/30 07:29:35 PM | Epoch[0](99/100): Prec@1(1,5) 88.10, 99.48
10/30 07:29:35 PM | Saving to densenet_40_cov5.pt
10/30 07:29:36 PM | =>Best accuracy 88.100
10/30 07:29:36 PM | 
Epoch: 1
10/30 07:31:10 PM | Epoch[1](99/100): Prec@1(1,5) 88.96, 99.50
10/30 07:31:10 PM | Saving to densenet_40_cov5.pt
10/30 07:31:10 PM | =>Best accuracy 88.960
10/30 07:31:10 PM | 
Epoch: 2
10/30 07:32:44 PM | Epoch[2](99/100): Prec@1(1,5) 90.22, 99.50
10/30 07:32:44 PM | Saving to densenet_40_cov5.pt
10/30 07:32:44 PM | =>Best accuracy 90.220
10/30 07:32:44 PM | 
Epoch: 3
10/30 07:34:18 PM | Epoch[3](99/100): Prec@1(1,5) 88.16, 99.38
10/30 07:34:18 PM | =>Best accuracy 90.220
10/30 07:34:18 PM | 
Epoch: 4
10/30 07:35:52 PM | Epoch[4](99/100): Prec@1(1,5) 90.15, 99.56
10/30 07:35:52 PM | =>Best accuracy 90.220
10/30 07:35:52 PM | 
Epoch: 5
10/30 07:37:26 PM | Epoch[5](99/100): Prec@1(1,5) 92.83, 99.84
10/30 07:37:26 PM | Saving to densenet_40_cov5.pt
10/30 07:37:26 PM | =>Best accuracy 92.830
10/30 07:37:26 PM | 
Epoch: 6
10/30 07:39:00 PM | Epoch[6](99/100): Prec@1(1,5) 93.17, 99.82
10/30 07:39:00 PM | Saving to densenet_40_cov5.pt
10/30 07:39:00 PM | =>Best accuracy 93.170
10/30 07:39:00 PM | 
Epoch: 7
10/30 07:40:34 PM | Epoch[7](99/100): Prec@1(1,5) 93.20, 99.82
10/30 07:40:34 PM | Saving to densenet_40_cov5.pt
10/30 07:40:34 PM | =>Best accuracy 93.200
10/30 07:40:34 PM | 
Epoch: 8
10/30 07:42:09 PM | Epoch[8](99/100): Prec@1(1,5) 93.51, 99.82
10/30 07:42:09 PM | Saving to densenet_40_cov5.pt
10/30 07:42:09 PM | =>Best accuracy 93.510
10/30 07:42:09 PM | 
Epoch: 9
10/30 07:43:43 PM | Epoch[9](99/100): Prec@1(1,5) 93.29, 99.83
10/30 07:43:43 PM | =>Best accuracy 93.510
10/30 07:43:43 PM | 
Epoch: 10
10/30 07:45:17 PM | Epoch[10](99/100): Prec@1(1,5) 93.25, 99.81
10/30 07:45:17 PM | =>Best accuracy 93.510
10/30 07:45:17 PM | 
Epoch: 11
10/30 07:46:51 PM | Epoch[11](99/100): Prec@1(1,5) 93.27, 99.82
10/30 07:46:51 PM | =>Best accuracy 93.510
10/30 07:46:51 PM | 
Epoch: 12
10/30 07:48:25 PM | Epoch[12](99/100): Prec@1(1,5) 93.42, 99.84
10/30 07:48:25 PM | =>Best accuracy 93.510
10/30 07:48:25 PM | 
Epoch: 13
10/30 07:49:59 PM | Epoch[13](99/100): Prec@1(1,5) 93.34, 99.83
10/30 07:49:59 PM | =>Best accuracy 93.510
10/30 07:49:59 PM | 
Epoch: 14
10/30 07:51:34 PM | Epoch[14](99/100): Prec@1(1,5) 93.39, 99.80
10/30 07:51:34 PM | =>Best accuracy 93.510
10/30 07:51:34 PM | cov-id: 5 ====> Resuming from pruned_checkpoint...
10/30 07:51:34 PM | 
Epoch: 0
10/30 07:53:08 PM | Epoch[0](99/100): Prec@1(1,5) 90.19, 99.68
10/30 07:53:08 PM | Saving to densenet_40_cov6.pt
10/30 07:53:08 PM | =>Best accuracy 90.190
10/30 07:53:08 PM | 
Epoch: 1
10/30 07:54:42 PM | Epoch[1](99/100): Prec@1(1,5) 90.21, 99.59
10/30 07:54:42 PM | Saving to densenet_40_cov6.pt
10/30 07:54:42 PM | =>Best accuracy 90.210
10/30 07:54:42 PM | 
Epoch: 2
10/30 07:56:16 PM | Epoch[2](99/100): Prec@1(1,5) 89.19, 99.57
10/30 07:56:16 PM | =>Best accuracy 90.210
10/30 07:56:16 PM | 
Epoch: 3
10/30 07:57:50 PM | Epoch[3](99/100): Prec@1(1,5) 89.56, 99.51
10/30 07:57:50 PM | =>Best accuracy 90.210
10/30 07:57:50 PM | 
Epoch: 4
10/30 07:59:24 PM | Epoch[4](99/100): Prec@1(1,5) 89.05, 99.36
10/30 07:59:24 PM | =>Best accuracy 90.210
10/30 07:59:24 PM | 
Epoch: 5
10/30 08:00:58 PM | Epoch[5](99/100): Prec@1(1,5) 92.95, 99.68
10/30 08:00:58 PM | Saving to densenet_40_cov6.pt
10/30 08:00:58 PM | =>Best accuracy 92.950
10/30 08:00:58 PM | 
Epoch: 6
10/30 08:02:33 PM | Epoch[6](99/100): Prec@1(1,5) 93.02, 99.71
10/30 08:02:33 PM | Saving to densenet_40_cov6.pt
10/30 08:02:33 PM | =>Best accuracy 93.020
10/30 08:02:33 PM | 
Epoch: 7
10/30 08:04:07 PM | Epoch[7](99/100): Prec@1(1,5) 93.09, 99.71
10/30 08:04:07 PM | Saving to densenet_40_cov6.pt
10/30 08:04:07 PM | =>Best accuracy 93.090
10/30 08:04:07 PM | 
Epoch: 8
10/30 08:05:41 PM | Epoch[8](99/100): Prec@1(1,5) 93.20, 99.72
10/30 08:05:41 PM | Saving to densenet_40_cov6.pt
10/30 08:05:41 PM | =>Best accuracy 93.200
10/30 08:05:41 PM | 
Epoch: 9
10/30 08:07:15 PM | Epoch[9](99/100): Prec@1(1,5) 93.24, 99.72
10/30 08:07:15 PM | Saving to densenet_40_cov6.pt
10/30 08:07:15 PM | =>Best accuracy 93.240
10/30 08:07:15 PM | 
Epoch: 10
10/30 08:08:49 PM | Epoch[10](99/100): Prec@1(1,5) 93.35, 99.73
10/30 08:08:49 PM | Saving to densenet_40_cov6.pt
10/30 08:08:49 PM | =>Best accuracy 93.350
10/30 08:08:49 PM | 
Epoch: 11
10/30 08:10:23 PM | Epoch[11](99/100): Prec@1(1,5) 93.21, 99.67
10/30 08:10:23 PM | =>Best accuracy 93.350
10/30 08:10:23 PM | 
Epoch: 12
10/30 08:11:58 PM | Epoch[12](99/100): Prec@1(1,5) 93.37, 99.70
10/30 08:11:58 PM | Saving to densenet_40_cov6.pt
10/30 08:11:58 PM | =>Best accuracy 93.370
10/30 08:11:58 PM | 
Epoch: 13
10/30 08:13:32 PM | Epoch[13](99/100): Prec@1(1,5) 93.38, 99.70
10/30 08:13:32 PM | Saving to densenet_40_cov6.pt
10/30 08:13:32 PM | =>Best accuracy 93.380
10/30 08:13:32 PM | 
Epoch: 14
10/30 08:15:06 PM | Epoch[14](99/100): Prec@1(1,5) 93.31, 99.73
10/30 08:15:06 PM | =>Best accuracy 93.380
10/30 08:15:06 PM | cov-id: 6 ====> Resuming from pruned_checkpoint...
10/30 08:15:06 PM | 
Epoch: 0
10/30 08:16:40 PM | Epoch[0](99/100): Prec@1(1,5) 87.86, 99.38
10/30 08:16:40 PM | Saving to densenet_40_cov7.pt
10/30 08:16:40 PM | =>Best accuracy 87.860
10/30 08:16:40 PM | 
Epoch: 1
10/30 08:18:14 PM | Epoch[1](99/100): Prec@1(1,5) 90.49, 99.66
10/30 08:18:14 PM | Saving to densenet_40_cov7.pt
10/30 08:18:14 PM | =>Best accuracy 90.490
10/30 08:18:14 PM | 
Epoch: 2
10/30 08:19:49 PM | Epoch[2](99/100): Prec@1(1,5) 87.60, 99.31
10/30 08:19:49 PM | =>Best accuracy 90.490
10/30 08:19:49 PM | 
Epoch: 3
10/30 08:21:23 PM | Epoch[3](99/100): Prec@1(1,5) 89.22, 99.39
10/30 08:21:23 PM | =>Best accuracy 90.490
10/30 08:21:23 PM | 
Epoch: 4
10/30 08:22:57 PM | Epoch[4](99/100): Prec@1(1,5) 89.85, 99.76
10/30 08:22:57 PM | =>Best accuracy 90.490
10/30 08:22:57 PM | 
Epoch: 5
10/30 08:24:31 PM | Epoch[5](99/100): Prec@1(1,5) 93.05, 99.80
10/30 08:24:31 PM | Saving to densenet_40_cov7.pt
10/30 08:24:31 PM | =>Best accuracy 93.050
10/30 08:24:31 PM | 
Epoch: 6
10/30 08:26:05 PM | Epoch[6](99/100): Prec@1(1,5) 93.22, 99.79
10/30 08:26:05 PM | Saving to densenet_40_cov7.pt
10/30 08:26:05 PM | =>Best accuracy 93.220
10/30 08:26:05 PM | 
Epoch: 7
10/30 08:27:39 PM | Epoch[7](99/100): Prec@1(1,5) 93.36, 99.78
10/30 08:27:39 PM | Saving to densenet_40_cov7.pt
10/30 08:27:39 PM | =>Best accuracy 93.360
10/30 08:27:39 PM | 
Epoch: 8
10/30 08:29:14 PM | Epoch[8](99/100): Prec@1(1,5) 93.51, 99.76
10/30 08:29:14 PM | Saving to densenet_40_cov7.pt
10/30 08:29:14 PM | =>Best accuracy 93.510
10/30 08:29:14 PM | 
Epoch: 9
10/30 08:30:48 PM | Epoch[9](99/100): Prec@1(1,5) 93.46, 99.81
10/30 08:30:48 PM | =>Best accuracy 93.510
10/30 08:30:48 PM | 
Epoch: 10
10/30 08:32:22 PM | Epoch[10](99/100): Prec@1(1,5) 93.50, 99.78
10/30 08:32:22 PM | =>Best accuracy 93.510
10/30 08:32:22 PM | 
Epoch: 11
10/30 08:33:56 PM | Epoch[11](99/100): Prec@1(1,5) 93.55, 99.79
10/30 08:33:56 PM | Saving to densenet_40_cov7.pt
10/30 08:33:56 PM | =>Best accuracy 93.550
10/30 08:33:56 PM | 
Epoch: 12
10/30 08:35:30 PM | Epoch[12](99/100): Prec@1(1,5) 93.67, 99.78
10/30 08:35:30 PM | Saving to densenet_40_cov7.pt
10/30 08:35:30 PM | =>Best accuracy 93.670
10/30 08:35:30 PM | 
Epoch: 13
10/30 08:37:05 PM | Epoch[13](99/100): Prec@1(1,5) 93.58, 99.74
10/30 08:37:05 PM | =>Best accuracy 93.670
10/30 08:37:05 PM | 
Epoch: 14
10/30 08:38:39 PM | Epoch[14](99/100): Prec@1(1,5) 93.54, 99.81
10/30 08:38:39 PM | =>Best accuracy 93.670
10/30 08:38:39 PM | cov-id: 7 ====> Resuming from pruned_checkpoint...
10/30 08:38:39 PM | 
Epoch: 0
10/30 08:40:13 PM | Epoch[0](99/100): Prec@1(1,5) 88.60, 99.19
10/30 08:40:13 PM | Saving to densenet_40_cov8.pt
10/30 08:40:13 PM | =>Best accuracy 88.600
10/30 08:40:13 PM | 
Epoch: 1
10/30 08:41:47 PM | Epoch[1](99/100): Prec@1(1,5) 90.03, 99.62
10/30 08:41:47 PM | Saving to densenet_40_cov8.pt
10/30 08:41:47 PM | =>Best accuracy 90.030
10/30 08:41:47 PM | 
Epoch: 2
10/30 08:43:21 PM | Epoch[2](99/100): Prec@1(1,5) 89.38, 99.56
10/30 08:43:21 PM | =>Best accuracy 90.030
10/30 08:43:21 PM | 
Epoch: 3
10/30 08:44:56 PM | Epoch[3](99/100): Prec@1(1,5) 89.65, 99.52
10/30 08:44:56 PM | =>Best accuracy 90.030
10/30 08:44:56 PM | 
Epoch: 4
10/30 08:46:30 PM | Epoch[4](99/100): Prec@1(1,5) 89.15, 99.48
10/30 08:46:30 PM | =>Best accuracy 90.030
10/30 08:46:30 PM | 
Epoch: 5
10/30 08:48:04 PM | Epoch[5](99/100): Prec@1(1,5) 92.93, 99.75
10/30 08:48:04 PM | Saving to densenet_40_cov8.pt
10/30 08:48:04 PM | =>Best accuracy 92.930
10/30 08:48:04 PM | 
Epoch: 6
10/30 08:49:38 PM | Epoch[6](99/100): Prec@1(1,5) 93.03, 99.75
10/30 08:49:38 PM | Saving to densenet_40_cov8.pt
10/30 08:49:38 PM | =>Best accuracy 93.030
10/30 08:49:38 PM | 
Epoch: 7
10/30 08:51:13 PM | Epoch[7](99/100): Prec@1(1,5) 93.04, 99.73
10/30 08:51:13 PM | Saving to densenet_40_cov8.pt
10/30 08:51:13 PM | =>Best accuracy 93.040
10/30 08:51:13 PM | 
Epoch: 8
10/30 08:52:47 PM | Epoch[8](99/100): Prec@1(1,5) 93.15, 99.71
10/30 08:52:47 PM | Saving to densenet_40_cov8.pt
10/30 08:52:47 PM | =>Best accuracy 93.150
10/30 08:52:47 PM | 
Epoch: 9
10/30 08:54:21 PM | Epoch[9](99/100): Prec@1(1,5) 93.28, 99.75
10/30 08:54:21 PM | Saving to densenet_40_cov8.pt
10/30 08:54:21 PM | =>Best accuracy 93.280
10/30 08:54:21 PM | 
Epoch: 10
10/30 08:55:55 PM | Epoch[10](99/100): Prec@1(1,5) 93.28, 99.75
10/30 08:55:55 PM | =>Best accuracy 93.280
10/30 08:55:55 PM | 
Epoch: 11
10/30 08:57:29 PM | Epoch[11](99/100): Prec@1(1,5) 93.26, 99.73
10/30 08:57:29 PM | =>Best accuracy 93.280
10/30 08:57:29 PM | 
Epoch: 12
10/30 08:59:03 PM | Epoch[12](99/100): Prec@1(1,5) 93.13, 99.76
10/30 08:59:03 PM | =>Best accuracy 93.280
10/30 08:59:03 PM | 
Epoch: 13
10/30 09:00:37 PM | Epoch[13](99/100): Prec@1(1,5) 93.15, 99.75
10/30 09:00:37 PM | =>Best accuracy 93.280
10/30 09:00:37 PM | 
Epoch: 14
10/30 09:02:11 PM | Epoch[14](99/100): Prec@1(1,5) 93.13, 99.70
10/30 09:02:11 PM | =>Best accuracy 93.280
10/30 09:02:11 PM | cov-id: 8 ====> Resuming from pruned_checkpoint...
10/30 09:02:12 PM | 
Epoch: 0
10/30 09:03:46 PM | Epoch[0](99/100): Prec@1(1,5) 88.47, 99.58
10/30 09:03:46 PM | Saving to densenet_40_cov9.pt
10/30 09:03:46 PM | =>Best accuracy 88.470
10/30 09:03:46 PM | 
Epoch: 1
10/30 09:05:20 PM | Epoch[1](99/100): Prec@1(1,5) 89.80, 99.61
10/30 09:05:20 PM | Saving to densenet_40_cov9.pt
10/30 09:05:20 PM | =>Best accuracy 89.800
10/30 09:05:20 PM | 
Epoch: 2
10/30 09:06:54 PM | Epoch[2](99/100): Prec@1(1,5) 89.37, 99.46
10/30 09:06:54 PM | =>Best accuracy 89.800
10/30 09:06:54 PM | 
Epoch: 3
